/*C3*/SET SCHEMA PUBLIC
INSERT INTO ROLES_PERMISSIONS VALUES(1,1)
COMMIT
INSERT INTO COURSES_TRAINEES VALUES(1,4)
COMMIT
INSERT INTO COURSES_TRAINEES VALUES(1,5)
COMMIT
DELETE FROM USERS WHERE ID=3
INSERT INTO USERS VALUES(3,TRUE,'gv001','gv001',1,1)
COMMIT
ALTER TABLE CATEGORIES ALTER COLUMN ACTIVE SET DEFAULT TRUE
ALTER TABLE CATEGORIES ALTER COLUMN ACTIVE SET DEFAULT TRUE
INSERT INTO COURSES VALUES(2,NULL,'D','D',1,1,'2017-05-12')
COMMIT
ALTER TABLE CATEGORIES ALTER COLUMN ACTIVE SET DEFAULT TRUE
ALTER TABLE CATEGORIES ALTER COLUMN ACTIVE SET DEFAULT TRUE
ALTER TABLE USERS ALTER COLUMN ACTIVE SET DEFAULT TRUE
ALTER TABLE TOPICS ALTER COLUMN ACTIVE SET DEFAULT TRUE
DELETE FROM COURSES WHERE ID=2
COMMIT
ALTER TABLE COURSES ALTER COLUMN ACTIVE SET DEFAULT TRUE
INSERT INTO COURSES VALUES(3,TRUE,'A','A',1,1,'2017-05-12')
COMMIT
DELETE FROM COURSES WHERE ID=3
COMMIT
